<?xml version="1.0" encoding="UTF-8"?>
<!-- Generated by org.testng.reporters.JUnitReportReporter -->
<testsuite hostname="LTIN620217" failures="0" tests="1" name="runners.TestRunner" time="23.103" errors="0" timestamp="2025-08-25T16:20:42 IST" skipped="0">
  <testcase classname="runners.TestRunner" name="runScenario" time="23.103"/>
</testsuite> <!-- runners.TestRunner -->
