<?xml version="1.0" encoding="UTF-8"?>
<!-- Generated by org.testng.reporters.JUnitReportReporter -->
<testsuite hostname="LTIN620217" failures="0" tests="2" name="runners.TestRunner" time="117.419" errors="0" timestamp="2025-08-28T11:11:53 IST" skipped="0">
  <testcase classname="runners.TestRunner" name="runScenario" time="52.608"/>
  <testcase classname="runners.TestRunner" name="runScenario" time="64.811"/>
</testsuite> <!-- runners.TestRunner -->
