<?xml version="1.0" encoding="UTF-8"?>
<!-- Generated by org.testng.reporters.JUnitReportReporter -->
<testsuite hostname="LTIN619394" failures="0" tests="2" name="runners.TestRunner" time="47.336" errors="0" timestamp="2025-08-29T10:42:21 IST" skipped="0">
  <testcase classname="runners.TestRunner" name="runScenario" time="23.644"/>
  <testcase classname="runners.TestRunner" name="runScenario" time="23.692"/>
</testsuite> <!-- runners.TestRunner -->
