<?xml version="1.0" encoding="UTF-8"?>
<!-- Generated by org.testng.reporters.JUnitReportReporter -->
<testsuite hostname="LTIN619394" failures="0" tests="2" name="runners.TestRunner" time="46.785" errors="0" timestamp="2025-08-29T10:30:35 IST" skipped="0">
  <testcase classname="runners.TestRunner" name="runScenario" time="24.181"/>
  <testcase classname="runners.TestRunner" name="runScenario" time="22.604"/>
</testsuite> <!-- runners.TestRunner -->
