<?xml version="1.0" encoding="UTF-8"?>
<!-- Generated by org.testng.reporters.JUnitReportReporter -->
<testsuite hostname="LTIN620217" failures="0" tests="2" name="runners.TestRunner" time="23.102" errors="0" timestamp="2025-08-26T13:42:24 IST" skipped="0">
  <testcase classname="runners.TestRunner" name="runScenario" time="9.551"/>
  <testcase classname="runners.TestRunner" name="runScenario" time="13.551"/>
</testsuite> <!-- runners.TestRunner -->
