<?xml version="1.0" encoding="UTF-8"?>
<!-- Generated by org.testng.reporters.JUnitReportReporter -->
<testsuite hostname="LTIN619394" failures="0" tests="2" name="runners.TestRunner" time="103.085" errors="0" timestamp="2025-08-25T12:00:51 IST" skipped="0">
  <testcase classname="runners.TestRunner" name="runScenario" time="51.663"/>
  <testcase classname="runners.TestRunner" name="runScenario" time="51.422"/>
</testsuite> <!-- runners.TestRunner -->
