<?xml version="1.0" encoding="UTF-8"?>
<!-- Generated by org.testng.reporters.JUnitReportReporter -->
<testsuite hostname="LTIN620217" failures="0" tests="2" name="runners.TestRunner" time="22.063" errors="0" timestamp="2025-08-26T11:28:33 IST" skipped="0">
  <testcase classname="runners.TestRunner" name="runScenario" time="11.187"/>
  <testcase classname="runners.TestRunner" name="runScenario" time="10.876"/>
</testsuite> <!-- runners.TestRunner -->
